<?xml version="1.0" encoding="UTF-8"?>
<testng-results ignored="0" total="1" passed="1" failed="0" skipped="0">
  <reporter-output>
  </reporter-output>
  <suite started-at="2025-04-21T15:31:56 ART" name="Default suite" finished-at="2025-04-21T15:32:11 ART" duration-ms="15792">
    <groups>
      <group name="cucumber">
        <method signature="AbstractTestNGCucumberTests.runScenario(io.cucumber.testng.PickleWrapper,io.cucumber.testng.FeatureWrapper)[pri:0, instance:runner.runDemoBlazeTest@31ea9581]" name="runScenario" class="io.cucumber.testng.AbstractTestNGCucumberTests"/>
      </group> <!-- cucumber -->
    </groups>
    <test started-at="2025-04-21T15:31:56 ART" name="Default test" finished-at="2025-04-21T15:32:11 ART" duration-ms="15792">
      <class name="runner.runDemoBlazeTest">
        <test-method is-config="true" signature="setUpClass(org.testng.ITestContext)[pri:0, instance:runner.runDemoBlazeTest@31ea9581]" started-at="2025-04-21T15:31:56 ART" name="setUpClass" finished-at="2025-04-21T15:31:56 ART" duration-ms="260" status="PASS">
          <params>
            <param index="0">
              <value>
                <![CDATA[org.testng.TestRunner@280e8a1a]]>
              </value>
            </param>
          </params>
          <reporter-output>
          </reporter-output>
        </test-method> <!-- setUpClass -->
        <test-method signature="runScenario(io.cucumber.testng.PickleWrapper,io.cucumber.testng.FeatureWrapper)[pri:0, instance:runner.runDemoBlazeTest@31ea9581]" started-at="2025-04-21T15:31:56 ART" name="runScenario" description="Runs Cucumber Scenarios" data-provider="scenarios" finished-at="2025-04-21T15:32:11 ART" duration-ms="15479" status="PASS">
          <params>
            <param index="0">
              <value>
                <![CDATA["Successful order"]]>
              </value>
            </param>
            <param index="1">
              <value>
                <![CDATA["Generate an Order in DemoBlaze.com"]]>
              </value>
            </param>
          </params>
          <reporter-output>
          </reporter-output>
        </test-method> <!-- runScenario -->
        <test-method is-config="true" signature="tearDownClass()[pri:0, instance:runner.runDemoBlazeTest@31ea9581]" started-at="2025-04-21T15:32:11 ART" name="tearDownClass" finished-at="2025-04-21T15:32:11 ART" duration-ms="1" status="PASS">
          <reporter-output>
          </reporter-output>
        </test-method> <!-- tearDownClass -->
      </class> <!-- runner.runDemoBlazeTest -->
    </test> <!-- Default test -->
  </suite> <!-- Default suite -->
</testng-results>
